{"/Users/tristanashley/Documents/cartridge/cartridge-module-util/index.js":{"path":"/Users/tristanashley/Documents/cartridge/cartridge-module-util/index.js","s":{"1":1,"2":1,"3":1,"4":1,"5":1,"6":1,"7":1,"8":1,"9":1,"10":1,"11":1,"12":1,"13":4,"14":1,"15":4,"16":1,"17":4,"18":4,"19":0,"20":0,"21":0,"22":1,"23":4,"24":4,"25":1,"26":4,"27":4,"28":0,"29":0,"30":0,"31":0,"32":1,"33":1,"34":0,"35":1,"36":0,"37":1,"38":0,"39":1,"40":1,"41":2,"42":2,"43":1,"44":1,"45":1,"46":2,"47":1,"48":2,"49":1,"50":2,"51":2,"52":3,"53":2,"54":2,"55":1,"56":2,"57":2,"58":0,"59":0,"60":2,"61":2,"62":2,"63":1,"64":5,"65":5,"66":1,"67":1,"68":1,"69":0,"70":0,"71":0,"72":0,"73":0,"74":1,"75":19,"76":1,"77":0,"78":0,"79":0,"80":0,"81":0,"82":0,"83":0,"84":0,"85":0,"86":0,"87":0,"88":1,"89":4,"90":2,"91":2,"92":2,"93":2,"94":1,"95":4,"96":2,"97":2,"98":1,"99":2,"100":2,"101":2,"102":2,"103":2,"104":2,"105":0,"106":0,"107":0,"108":1,"109":2,"110":2,"111":2,"112":2,"113":2,"114":2,"115":0,"116":0,"117":0,"118":1,"119":1,"120":1,"121":1,"122":1,"123":1,"124":0,"125":0,"126":0,"127":1,"128":0,"129":1,"130":0,"131":0,"132":0,"133":0,"134":1,"135":0,"136":0,"137":0,"138":0,"139":0,"140":1,"141":0,"142":0,"143":0,"144":0,"145":1,"146":2,"147":2,"148":1},"b":{"1":[0,1],"2":[0,1],"3":[0,1],"4":[1,0],"5":[1,1],"6":[2,1],"7":[0,2],"8":[0,0],"9":[0,0],"10":[2,2],"11":[2,2]},"f":{"1":4,"2":4,"3":4,"4":4,"5":0,"6":4,"7":4,"8":0,"9":1,"10":2,"11":2,"12":2,"13":5,"14":5,"15":1,"16":0,"17":0,"18":19,"19":0,"20":0,"21":0,"22":4,"23":4,"24":2,"25":2,"26":0,"27":2,"28":2,"29":2,"30":0,"31":1,"32":1,"33":0,"34":0,"35":0,"36":0,"37":0,"38":0,"39":2},"fnMap":{"1":{"name":"hasCartridgeInstalled","line":24,"loc":{"start":{"line":24,"column":0},"end":{"line":24,"column":33}}},"2":{"name":"insertModulesInToReadme","line":28,"loc":{"start":{"line":28,"column":0},"end":{"line":28,"column":49}}},"3":{"name":"updateReadme","line":35,"loc":{"start":{"line":35,"column":0},"end":{"line":35,"column":46}}},"4":{"name":"(anonymous_4)","line":42,"loc":{"start":{"line":42,"column":8},"end":{"line":42,"column":29}}},"5":{"name":"(anonymous_5)","line":45,"loc":{"start":{"line":45,"column":9},"end":{"line":45,"column":23}}},"6":{"name":"compileTemplate","line":52,"loc":{"start":{"line":52,"column":0},"end":{"line":52,"column":38}}},"7":{"name":"updateReadmeModules","line":62,"loc":{"start":{"line":62,"column":0},"end":{"line":62,"column":37}}},"8":{"name":"(anonymous_8)","line":69,"loc":{"start":{"line":69,"column":9},"end":{"line":69,"column":22}}},"9":{"name":"ensureProjectConfigPaths","line":77,"loc":{"start":{"line":77,"column":0},"end":{"line":77,"column":49}}},"10":{"name":"getModuleId","line":96,"loc":{"start":{"line":96,"column":0},"end":{"line":96,"column":42}}},"11":{"name":"removeModuleDataFromRcObject","line":115,"loc":{"start":{"line":115,"column":0},"end":{"line":115,"column":56}}},"12":{"name":"addModule","line":126,"loc":{"start":{"line":126,"column":0},"end":{"line":126,"column":30}}},"13":{"name":"writeJsonFile","line":151,"loc":{"start":{"line":151,"column":0},"end":{"line":151,"column":36}}},"14":{"name":"(anonymous_14)","line":156,"loc":{"start":{"line":156,"column":8},"end":{"line":156,"column":18}}},"15":{"name":"(anonymous_15)","line":161,"loc":{"start":{"line":161,"column":17},"end":{"line":161,"column":41}}},"16":{"name":"_removeFromProjectDir","line":164,"loc":{"start":{"line":164,"column":1},"end":{"line":164,"column":57}}},"17":{"name":"(anonymous_17)","line":169,"loc":{"start":{"line":169,"column":9},"end":{"line":169,"column":19}}},"18":{"name":"logMessage","line":175,"loc":{"start":{"line":175,"column":27},"end":{"line":175,"column":56}}},"19":{"name":"copyFileToProject","line":179,"loc":{"start":{"line":179,"column":34},"end":{"line":179,"column":88}}},"20":{"name":"(anonymous_20)","line":192,"loc":{"start":{"line":192,"column":9},"end":{"line":192,"column":20}}},"21":{"name":"(anonymous_21)","line":195,"loc":{"start":{"line":195,"column":9},"end":{"line":195,"column":19}}},"22":{"name":"(anonymous_22)","line":201,"loc":{"start":{"line":201,"column":37},"end":{"line":201,"column":48}}},"23":{"name":"ensureCartridgeExists","line":212,"loc":{"start":{"line":212,"column":38},"end":{"line":212,"column":71}}},"24":{"name":"addToRc","line":220,"loc":{"start":{"line":220,"column":24},"end":{"line":220,"column":43}}},"25":{"name":"(anonymous_25)","line":238,"loc":{"start":{"line":238,"column":9},"end":{"line":238,"column":20}}},"26":{"name":"(anonymous_26)","line":242,"loc":{"start":{"line":242,"column":10},"end":{"line":242,"column":23}}},"27":{"name":"removeFromRc","line":250,"loc":{"start":{"line":250,"column":29},"end":{"line":250,"column":53}}},"28":{"name":"(anonymous_28)","line":256,"loc":{"start":{"line":256,"column":9},"end":{"line":256,"column":24}}},"29":{"name":"(anonymous_29)","line":262,"loc":{"start":{"line":262,"column":9},"end":{"line":262,"column":20}}},"30":{"name":"(anonymous_30)","line":266,"loc":{"start":{"line":266,"column":10},"end":{"line":266,"column":23}}},"31":{"name":"modifyProjectConfig","line":274,"loc":{"start":{"line":274,"column":36},"end":{"line":274,"column":76}}},"32":{"name":"(anonymous_32)","line":284,"loc":{"start":{"line":284,"column":9},"end":{"line":284,"column":19}}},"33":{"name":"(anonymous_33)","line":288,"loc":{"start":{"line":288,"column":10},"end":{"line":288,"column":23}}},"34":{"name":"addModuleConfig","line":296,"loc":{"start":{"line":296,"column":32},"end":{"line":296,"column":69}}},"35":{"name":"copyToProjectDir","line":300,"loc":{"start":{"line":300,"column":33},"end":{"line":300,"column":69}}},"36":{"name":"removeModuleConfig","line":311,"loc":{"start":{"line":311,"column":35},"end":{"line":311,"column":75}}},"37":{"name":"(anonymous_37)","line":316,"loc":{"start":{"line":316,"column":9},"end":{"line":316,"column":19}}},"38":{"name":"removeFromProjectDir","line":322,"loc":{"start":{"line":322,"column":37},"end":{"line":322,"column":77}}},"39":{"name":"finishInstall","line":332,"loc":{"start":{"line":332,"column":30},"end":{"line":332,"column":55}}}},"statementMap":{"1":{"start":{"line":3,"column":0},"end":{"line":3,"column":34}},"2":{"start":{"line":4,"column":0},"end":{"line":4,"column":95}},"3":{"start":{"line":6,"column":0},"end":{"line":6,"column":18}},"4":{"start":{"line":7,"column":0},"end":{"line":7,"column":18}},"5":{"start":{"line":9,"column":0},"end":{"line":9,"column":33}},"6":{"start":{"line":10,"column":0},"end":{"line":10,"column":34}},"7":{"start":{"line":11,"column":0},"end":{"line":11,"column":44}},"8":{"start":{"line":12,"column":0},"end":{"line":12,"column":37}},"9":{"start":{"line":13,"column":0},"end":{"line":13,"column":59}},"10":{"start":{"line":14,"column":0},"end":{"line":14,"column":40}},"11":{"start":{"line":16,"column":0},"end":{"line":21,"column":2}},"12":{"start":{"line":24,"column":0},"end":{"line":26,"column":1}},"13":{"start":{"line":25,"column":1},"end":{"line":25,"column":53}},"14":{"start":{"line":28,"column":0},"end":{"line":33,"column":1}},"15":{"start":{"line":31,"column":1},"end":{"line":31,"column":66}},"16":{"start":{"line":35,"column":0},"end":{"line":50,"column":1}},"17":{"start":{"line":37,"column":1},"end":{"line":49,"column":5}},"18":{"start":{"line":43,"column":3},"end":{"line":43,"column":55}},"19":{"start":{"line":46,"column":3},"end":{"line":46,"column":37}},"20":{"start":{"line":47,"column":3},"end":{"line":47,"column":22}},"21":{"start":{"line":48,"column":3},"end":{"line":48,"column":27}},"22":{"start":{"line":52,"column":0},"end":{"line":60,"column":1}},"23":{"start":{"line":53,"column":1},"end":{"line":53,"column":46}},"24":{"start":{"line":58,"column":1},"end":{"line":58,"column":31}},"25":{"start":{"line":62,"column":0},"end":{"line":75,"column":1}},"26":{"start":{"line":63,"column":1},"end":{"line":63,"column":58}},"27":{"start":{"line":65,"column":1},"end":{"line":74,"column":5}},"28":{"start":{"line":70,"column":3},"end":{"line":70,"column":44}},"29":{"start":{"line":71,"column":3},"end":{"line":71,"column":22}},"30":{"start":{"line":72,"column":3},"end":{"line":72,"column":19}},"31":{"start":{"line":73,"column":3},"end":{"line":73,"column":27}},"32":{"start":{"line":77,"column":0},"end":{"line":94,"column":1}},"33":{"start":{"line":78,"column":1},"end":{"line":83,"column":2}},"34":{"start":{"line":79,"column":2},"end":{"line":82,"column":4}},"35":{"start":{"line":85,"column":1},"end":{"line":87,"column":2}},"36":{"start":{"line":86,"column":2},"end":{"line":86,"column":31}},"37":{"start":{"line":89,"column":1},"end":{"line":91,"column":2}},"38":{"start":{"line":90,"column":2},"end":{"line":90,"column":32}},"39":{"start":{"line":93,"column":1},"end":{"line":93,"column":22}},"40":{"start":{"line":96,"column":0},"end":{"line":113,"column":1}},"41":{"start":{"line":97,"column":1},"end":{"line":97,"column":20}},"42":{"start":{"line":100,"column":1},"end":{"line":106,"column":2}},"43":{"start":{"line":102,"column":2},"end":{"line":105,"column":3}},"44":{"start":{"line":103,"column":3},"end":{"line":103,"column":19}},"45":{"start":{"line":104,"column":3},"end":{"line":104,"column":9}},"46":{"start":{"line":108,"column":1},"end":{"line":110,"column":2}},"47":{"start":{"line":109,"column":2},"end":{"line":109,"column":31}},"48":{"start":{"line":112,"column":1},"end":{"line":112,"column":20}},"49":{"start":{"line":115,"column":0},"end":{"line":124,"column":1}},"50":{"start":{"line":116,"column":1},"end":{"line":116,"column":22}},"51":{"start":{"line":117,"column":1},"end":{"line":121,"column":2}},"52":{"start":{"line":118,"column":2},"end":{"line":120,"column":3}},"53":{"start":{"line":119,"column":3},"end":{"line":119,"column":40}},"54":{"start":{"line":123,"column":1},"end":{"line":123,"column":13}},"55":{"start":{"line":126,"column":0},"end":{"line":149,"column":1}},"56":{"start":{"line":128,"column":1},"end":{"line":128,"column":17}},"57":{"start":{"line":131,"column":1},"end":{"line":140,"column":2}},"58":{"start":{"line":133,"column":2},"end":{"line":133,"column":25}},"59":{"start":{"line":134,"column":2},"end":{"line":134,"column":18}},"60":{"start":{"line":138,"column":2},"end":{"line":138,"column":58}},"61":{"start":{"line":145,"column":1},"end":{"line":145,"column":39}},"62":{"start":{"line":148,"column":1},"end":{"line":148,"column":18}},"63":{"start":{"line":151,"column":0},"end":{"line":159,"column":1}},"64":{"start":{"line":154,"column":1},"end":{"line":158,"column":5}},"65":{"start":{"line":157,"column":3},"end":{"line":157,"column":22}},"66":{"start":{"line":161,"column":0},"end":{"line":338,"column":2}},"67":{"start":{"line":162,"column":1},"end":{"line":162,"column":23}},"68":{"start":{"line":164,"column":1},"end":{"line":173,"column":2}},"69":{"start":{"line":165,"column":2},"end":{"line":165,"column":47}},"70":{"start":{"line":166,"column":2},"end":{"line":166,"column":63}},"71":{"start":{"line":168,"column":2},"end":{"line":172,"column":6}},"72":{"start":{"line":170,"column":4},"end":{"line":170,"column":95}},"73":{"start":{"line":171,"column":4},"end":{"line":171,"column":29}},"74":{"start":{"line":175,"column":1},"end":{"line":177,"column":3}},"75":{"start":{"line":176,"column":2},"end":{"line":176,"column":23}},"76":{"start":{"line":179,"column":1},"end":{"line":199,"column":3}},"77":{"start":{"line":180,"column":2},"end":{"line":180,"column":32}},"78":{"start":{"line":182,"column":2},"end":{"line":182,"column":98}},"79":{"start":{"line":183,"column":2},"end":{"line":183,"column":44}},"80":{"start":{"line":184,"column":2},"end":{"line":184,"column":57}},"81":{"start":{"line":186,"column":2},"end":{"line":189,"column":3}},"82":{"start":{"line":187,"column":3},"end":{"line":187,"column":91}},"83":{"start":{"line":188,"column":3},"end":{"line":188,"column":28}},"84":{"start":{"line":191,"column":2},"end":{"line":198,"column":6}},"85":{"start":{"line":193,"column":4},"end":{"line":193,"column":51}},"86":{"start":{"line":196,"column":4},"end":{"line":196,"column":97}},"87":{"start":{"line":197,"column":4},"end":{"line":197,"column":29}},"88":{"start":{"line":201,"column":1},"end":{"line":210,"column":3}},"89":{"start":{"line":202,"column":2},"end":{"line":209,"column":3}},"90":{"start":{"line":204,"column":3},"end":{"line":204,"column":83}},"91":{"start":{"line":205,"column":3},"end":{"line":205,"column":97}},"92":{"start":{"line":206,"column":3},"end":{"line":206,"column":31}},"93":{"start":{"line":208,"column":3},"end":{"line":208,"column":25}},"94":{"start":{"line":212,"column":1},"end":{"line":217,"column":3}},"95":{"start":{"line":213,"column":2},"end":{"line":216,"column":3}},"96":{"start":{"line":214,"column":3},"end":{"line":214,"column":127}},"97":{"start":{"line":215,"column":3},"end":{"line":215,"column":27}},"98":{"start":{"line":220,"column":1},"end":{"line":247,"column":3}},"99":{"start":{"line":221,"column":2},"end":{"line":221,"column":56}},"100":{"start":{"line":223,"column":2},"end":{"line":228,"column":4}},"101":{"start":{"line":230,"column":2},"end":{"line":230,"column":79}},"102":{"start":{"line":232,"column":2},"end":{"line":246,"column":6}},"103":{"start":{"line":239,"column":4},"end":{"line":239,"column":91}},"104":{"start":{"line":240,"column":4},"end":{"line":240,"column":29}},"105":{"start":{"line":243,"column":4},"end":{"line":243,"column":33}},"106":{"start":{"line":244,"column":4},"end":{"line":244,"column":23}},"107":{"start":{"line":245,"column":4},"end":{"line":245,"column":28}},"108":{"start":{"line":250,"column":1},"end":{"line":271,"column":3}},"109":{"start":{"line":251,"column":2},"end":{"line":251,"column":56}},"110":{"start":{"line":253,"column":2},"end":{"line":253,"column":83}},"111":{"start":{"line":255,"column":2},"end":{"line":270,"column":6}},"112":{"start":{"line":257,"column":4},"end":{"line":257,"column":66}},"113":{"start":{"line":263,"column":4},"end":{"line":263,"column":95}},"114":{"start":{"line":264,"column":4},"end":{"line":264,"column":29}},"115":{"start":{"line":267,"column":4},"end":{"line":267,"column":38}},"116":{"start":{"line":268,"column":4},"end":{"line":268,"column":23}},"117":{"start":{"line":269,"column":4},"end":{"line":269,"column":28}},"118":{"start":{"line":274,"column":1},"end":{"line":293,"column":3}},"119":{"start":{"line":275,"column":2},"end":{"line":275,"column":59}},"120":{"start":{"line":277,"column":2},"end":{"line":277,"column":79}},"121":{"start":{"line":279,"column":2},"end":{"line":292,"column":6}},"122":{"start":{"line":285,"column":4},"end":{"line":285,"column":92}},"123":{"start":{"line":286,"column":4},"end":{"line":286,"column":29}},"124":{"start":{"line":289,"column":4},"end":{"line":289,"column":45}},"125":{"start":{"line":290,"column":4},"end":{"line":290,"column":23}},"126":{"start":{"line":291,"column":4},"end":{"line":291,"column":28}},"127":{"start":{"line":296,"column":1},"end":{"line":298,"column":3}},"128":{"start":{"line":297,"column":2},"end":{"line":297,"column":63}},"129":{"start":{"line":300,"column":1},"end":{"line":308,"column":3}},"130":{"start":{"line":301,"column":2},"end":{"line":301,"column":21}},"131":{"start":{"line":303,"column":2},"end":{"line":305,"column":3}},"132":{"start":{"line":304,"column":3},"end":{"line":304,"column":101}},"133":{"start":{"line":307,"column":2},"end":{"line":307,"column":32}},"134":{"start":{"line":311,"column":1},"end":{"line":320,"column":3}},"135":{"start":{"line":312,"column":2},"end":{"line":312,"column":58}},"136":{"start":{"line":313,"column":2},"end":{"line":313,"column":72}},"137":{"start":{"line":315,"column":2},"end":{"line":319,"column":6}},"138":{"start":{"line":317,"column":4},"end":{"line":317,"column":89}},"139":{"start":{"line":318,"column":4},"end":{"line":318,"column":29}},"140":{"start":{"line":322,"column":1},"end":{"line":330,"column":3}},"141":{"start":{"line":323,"column":2},"end":{"line":323,"column":23}},"142":{"start":{"line":325,"column":2},"end":{"line":327,"column":3}},"143":{"start":{"line":326,"column":3},"end":{"line":326,"column":76}},"144":{"start":{"line":329,"column":2},"end":{"line":329,"column":34}},"145":{"start":{"line":332,"column":1},"end":{"line":335,"column":3}},"146":{"start":{"line":333,"column":2},"end":{"line":333,"column":77}},"147":{"start":{"line":334,"column":2},"end":{"line":334,"column":24}},"148":{"start":{"line":337,"column":1},"end":{"line":337,"column":21}}},"branchMap":{"1":{"line":78,"type":"if","locations":[{"start":{"line":78,"column":1},"end":{"line":78,"column":1}},{"start":{"line":78,"column":1},"end":{"line":78,"column":1}}]},"2":{"line":85,"type":"if","locations":[{"start":{"line":85,"column":1},"end":{"line":85,"column":1}},{"start":{"line":85,"column":1},"end":{"line":85,"column":1}}]},"3":{"line":89,"type":"if","locations":[{"start":{"line":89,"column":1},"end":{"line":89,"column":1}},{"start":{"line":89,"column":1},"end":{"line":89,"column":1}}]},"4":{"line":102,"type":"if","locations":[{"start":{"line":102,"column":2},"end":{"line":102,"column":2}},{"start":{"line":102,"column":2},"end":{"line":102,"column":2}}]},"5":{"line":108,"type":"if","locations":[{"start":{"line":108,"column":1},"end":{"line":108,"column":1}},{"start":{"line":108,"column":1},"end":{"line":108,"column":1}}]},"6":{"line":118,"type":"if","locations":[{"start":{"line":118,"column":2},"end":{"line":118,"column":2}},{"start":{"line":118,"column":2},"end":{"line":118,"column":2}}]},"7":{"line":131,"type":"if","locations":[{"start":{"line":131,"column":1},"end":{"line":131,"column":1}},{"start":{"line":131,"column":1},"end":{"line":131,"column":1}}]},"8":{"line":182,"type":"cond-expr","locations":[{"start":{"line":182,"column":40},"end":{"line":182,"column":81}},{"start":{"line":182,"column":84},"end":{"line":182,"column":97}}]},"9":{"line":186,"type":"if","locations":[{"start":{"line":186,"column":2},"end":{"line":186,"column":2}},{"start":{"line":186,"column":2},"end":{"line":186,"column":2}}]},"10":{"line":202,"type":"if","locations":[{"start":{"line":202,"column":2},"end":{"line":202,"column":2}},{"start":{"line":202,"column":2},"end":{"line":202,"column":2}}]},"11":{"line":213,"type":"if","locations":[{"start":{"line":213,"column":2},"end":{"line":213,"column":2}},{"start":{"line":213,"column":2},"end":{"line":213,"column":2}}]}}}}