TN:
SF:/Users/tristanashley/Documents/cartridge/cartridge-module-util/index.js
FN:24,hasCartridgeInstalled
FN:28,insertModulesInToReadme
FN:35,updateReadme
FN:42,(anonymous_4)
FN:45,(anonymous_5)
FN:52,compileTemplate
FN:62,updateReadmeModules
FN:69,(anonymous_8)
FN:77,ensureProjectConfigPaths
FN:96,getModuleId
FN:115,removeModuleDataFromRcObject
FN:126,addModule
FN:151,writeJsonFile
FN:156,(anonymous_14)
FN:161,(anonymous_15)
FN:164,_removeFromProjectDir
FN:169,(anonymous_17)
FN:175,logMessage
FN:179,copyFileToProject
FN:192,(anonymous_20)
FN:195,(anonymous_21)
FN:201,(anonymous_22)
FN:212,ensureCartridgeExists
FN:220,addToRc
FN:238,(anonymous_25)
FN:242,(anonymous_26)
FN:250,removeFromRc
FN:256,(anonymous_28)
FN:262,(anonymous_29)
FN:266,(anonymous_30)
FN:274,modifyProjectConfig
FN:284,(anonymous_32)
FN:288,(anonymous_33)
FN:296,addModuleConfig
FN:300,copyToProjectDir
FN:311,removeModuleConfig
FN:316,(anonymous_37)
FN:322,removeFromProjectDir
FN:332,finishInstall
FNF:39
FNH:24
FNDA:4,hasCartridgeInstalled
FNDA:4,insertModulesInToReadme
FNDA:4,updateReadme
FNDA:4,(anonymous_4)
FNDA:0,(anonymous_5)
FNDA:4,compileTemplate
FNDA:4,updateReadmeModules
FNDA:0,(anonymous_8)
FNDA:1,ensureProjectConfigPaths
FNDA:2,getModuleId
FNDA:2,removeModuleDataFromRcObject
FNDA:2,addModule
FNDA:5,writeJsonFile
FNDA:5,(anonymous_14)
FNDA:1,(anonymous_15)
FNDA:0,_removeFromProjectDir
FNDA:0,(anonymous_17)
FNDA:19,logMessage
FNDA:0,copyFileToProject
FNDA:0,(anonymous_20)
FNDA:0,(anonymous_21)
FNDA:4,(anonymous_22)
FNDA:4,ensureCartridgeExists
FNDA:2,addToRc
FNDA:2,(anonymous_25)
FNDA:0,(anonymous_26)
FNDA:2,removeFromRc
FNDA:2,(anonymous_28)
FNDA:2,(anonymous_29)
FNDA:0,(anonymous_30)
FNDA:1,modifyProjectConfig
FNDA:1,(anonymous_32)
FNDA:0,(anonymous_33)
FNDA:0,addModuleConfig
FNDA:0,copyToProjectDir
FNDA:0,removeModuleConfig
FNDA:0,(anonymous_37)
FNDA:0,removeFromProjectDir
FNDA:2,finishInstall
DA:3,1
DA:4,1
DA:6,1
DA:7,1
DA:9,1
DA:10,1
DA:11,1
DA:12,1
DA:13,1
DA:14,1
DA:16,1
DA:24,1
DA:25,4
DA:28,1
DA:31,4
DA:35,1
DA:37,4
DA:43,4
DA:46,0
DA:47,0
DA:48,0
DA:52,1
DA:53,4
DA:58,4
DA:62,1
DA:63,4
DA:65,4
DA:70,0
DA:71,0
DA:72,0
DA:73,0
DA:77,1
DA:78,1
DA:79,0
DA:85,1
DA:86,0
DA:89,1
DA:90,0
DA:93,1
DA:96,1
DA:97,2
DA:100,2
DA:102,1
DA:103,1
DA:104,1
DA:108,2
DA:109,1
DA:112,2
DA:115,1
DA:116,2
DA:117,2
DA:118,3
DA:119,2
DA:123,2
DA:126,1
DA:128,2
DA:131,2
DA:133,0
DA:134,0
DA:138,2
DA:145,2
DA:148,2
DA:151,1
DA:154,5
DA:157,5
DA:161,1
DA:162,1
DA:164,1
DA:165,0
DA:166,0
DA:168,0
DA:170,0
DA:171,0
DA:175,1
DA:176,19
DA:179,1
DA:180,0
DA:182,0
DA:183,0
DA:184,0
DA:186,0
DA:187,0
DA:188,0
DA:191,0
DA:193,0
DA:196,0
DA:197,0
DA:201,1
DA:202,4
DA:204,2
DA:205,2
DA:206,2
DA:208,2
DA:212,1
DA:213,4
DA:214,2
DA:215,2
DA:220,1
DA:221,2
DA:223,2
DA:230,2
DA:232,2
DA:239,2
DA:240,2
DA:243,0
DA:244,0
DA:245,0
DA:250,1
DA:251,2
DA:253,2
DA:255,2
DA:257,2
DA:263,2
DA:264,2
DA:267,0
DA:268,0
DA:269,0
DA:274,1
DA:275,1
DA:277,1
DA:279,1
DA:285,1
DA:286,1
DA:289,0
DA:290,0
DA:291,0
DA:296,1
DA:297,0
DA:300,1
DA:301,0
DA:303,0
DA:304,0
DA:307,0
DA:311,1
DA:312,0
DA:313,0
DA:315,0
DA:317,0
DA:318,0
DA:322,1
DA:323,0
DA:325,0
DA:326,0
DA:329,0
DA:332,1
DA:333,2
DA:334,2
DA:337,1
LF:148
LH:97
BRDA:78,1,0,0
BRDA:78,1,1,1
BRDA:85,2,0,0
BRDA:85,2,1,1
BRDA:89,3,0,0
BRDA:89,3,1,1
BRDA:102,4,0,1
BRDA:102,4,1,0
BRDA:108,5,0,1
BRDA:108,5,1,1
BRDA:118,6,0,2
BRDA:118,6,1,1
BRDA:131,7,0,0
BRDA:131,7,1,2
BRDA:182,8,0,0
BRDA:182,8,1,0
BRDA:186,9,0,0
BRDA:186,9,1,0
BRDA:202,10,0,2
BRDA:202,10,1,2
BRDA:213,11,0,2
BRDA:213,11,1,2
BRF:22
BRH:13
end_of_record
